<?xml version="1.0" encoding="UTF-8"?>
<testsuite xmlns:xsi="http://www.w3.org/2001/XMLSchema-instance" xsi:noNamespaceSchemaLocation="https://maven.apache.org/surefire/maven-surefire-plugin/xsd/surefire-test-report.xsd" name="com.pawelec.webmyprofile.WebMyProfileApplicationTests" time="3.777" tests="1" errors="0" skipped="0" failures="0">
  <properties>
    <property name="sun.desktop" value="gnome"/>
    <property name="awt.toolkit" value="sun.awt.X11.XToolkit"/>
    <property name="java.specification.version" value="9"/>
    <property name="file.encoding.pkg" value="sun.io"/>
    <property name="sun.cpu.isalist" value=""/>
    <property name="sun.jnu.encoding" value="UTF-8"/>
    <property name="java.class.path" value="/home/neqmeister/BitBucket/web-my-profile/target/test-classes:/home/neqmeister/BitBucket/web-my-profile/target/classes:/home/neqmeister/.m2/repository/org/springframework/boot/spring-boot-starter-thymeleaf/2.0.0.RELEASE/spring-boot-starter-thymeleaf-2.0.0.RELEASE.jar:/home/neqmeister/.m2/repository/org/springframework/boot/spring-boot-starter/2.0.0.RELEASE/spring-boot-starter-2.0.0.RELEASE.jar:/home/neqmeister/.m2/repository/org/springframework/boot/spring-boot/2.0.0.RELEASE/spring-boot-2.0.0.RELEASE.jar:/home/neqmeister/.m2/repository/org/springframework/boot/spring-boot-autoconfigure/2.0.0.RELEASE/spring-boot-autoconfigure-2.0.0.RELEASE.jar:/home/neqmeister/.m2/repository/org/springframework/boot/spring-boot-starter-logging/2.0.0.RELEASE/spring-boot-starter-logging-2.0.0.RELEASE.jar:/home/neqmeister/.m2/repository/ch/qos/logback/logback-classic/1.2.3/logback-classic-1.2.3.jar:/home/neqmeister/.m2/repository/ch/qos/logback/logback-core/1.2.3/logback-core-1.2.3.jar:/home/neqmeister/.m2/repository/org/apache/logging/log4j/log4j-to-slf4j/2.10.0/log4j-to-slf4j-2.10.0.jar:/home/neqmeister/.m2/repository/org/apache/logging/log4j/log4j-api/2.10.0/log4j-api-2.10.0.jar:/home/neqmeister/.m2/repository/org/slf4j/jul-to-slf4j/1.7.25/jul-to-slf4j-1.7.25.jar:/home/neqmeister/.m2/repository/javax/annotation/javax.annotation-api/1.3.2/javax.annotation-api-1.3.2.jar:/home/neqmeister/.m2/repository/org/yaml/snakeyaml/1.19/snakeyaml-1.19.jar:/home/neqmeister/.m2/repository/org/thymeleaf/thymeleaf-spring5/3.0.9.RELEASE/thymeleaf-spring5-3.0.9.RELEASE.jar:/home/neqmeister/.m2/repository/org/thymeleaf/thymeleaf/3.0.9.RELEASE/thymeleaf-3.0.9.RELEASE.jar:/home/neqmeister/.m2/repository/org/attoparser/attoparser/2.0.4.RELEASE/attoparser-2.0.4.RELEASE.jar:/home/neqmeister/.m2/repository/org/unbescape/unbescape/1.1.5.RELEASE/unbescape-1.1.5.RELEASE.jar:/home/neqmeister/.m2/repository/org/slf4j/slf4j-api/1.7.25/slf4j-api-1.7.25.jar:/home/neqmeister/.m2/repository/org/thymeleaf/extras/thymeleaf-extras-java8time/3.0.1.RELEASE/thymeleaf-extras-java8time-3.0.1.RELEASE.jar:/home/neqmeister/.m2/repository/org/springframework/boot/spring-boot-starter-web/2.0.0.RELEASE/spring-boot-starter-web-2.0.0.RELEASE.jar:/home/neqmeister/.m2/repository/org/springframework/boot/spring-boot-starter-json/2.0.0.RELEASE/spring-boot-starter-json-2.0.0.RELEASE.jar:/home/neqmeister/.m2/repository/com/fasterxml/jackson/core/jackson-databind/2.9.4/jackson-databind-2.9.4.jar:/home/neqmeister/.m2/repository/com/fasterxml/jackson/core/jackson-annotations/2.9.0/jackson-annotations-2.9.0.jar:/home/neqmeister/.m2/repository/com/fasterxml/jackson/core/jackson-core/2.9.4/jackson-core-2.9.4.jar:/home/neqmeister/.m2/repository/com/fasterxml/jackson/datatype/jackson-datatype-jdk8/2.9.4/jackson-datatype-jdk8-2.9.4.jar:/home/neqmeister/.m2/repository/com/fasterxml/jackson/datatype/jackson-datatype-jsr310/2.9.4/jackson-datatype-jsr310-2.9.4.jar:/home/neqmeister/.m2/repository/com/fasterxml/jackson/module/jackson-module-parameter-names/2.9.4/jackson-module-parameter-names-2.9.4.jar:/home/neqmeister/.m2/repository/org/springframework/boot/spring-boot-starter-tomcat/2.0.0.RELEASE/spring-boot-starter-tomcat-2.0.0.RELEASE.jar:/home/neqmeister/.m2/repository/org/apache/tomcat/embed/tomcat-embed-core/8.5.28/tomcat-embed-core-8.5.28.jar:/home/neqmeister/.m2/repository/org/apache/tomcat/embed/tomcat-embed-el/8.5.28/tomcat-embed-el-8.5.28.jar:/home/neqmeister/.m2/repository/org/apache/tomcat/embed/tomcat-embed-websocket/8.5.28/tomcat-embed-websocket-8.5.28.jar:/home/neqmeister/.m2/repository/org/hibernate/validator/hibernate-validator/6.0.7.Final/hibernate-validator-6.0.7.Final.jar:/home/neqmeister/.m2/repository/javax/validation/validation-api/2.0.1.Final/validation-api-2.0.1.Final.jar:/home/neqmeister/.m2/repository/org/jboss/logging/jboss-logging/3.3.2.Final/jboss-logging-3.3.2.Final.jar:/home/neqmeister/.m2/repository/com/fasterxml/classmate/1.3.4/classmate-1.3.4.jar:/home/neqmeister/.m2/repository/org/springframework/spring-web/5.0.4.RELEASE/spring-web-5.0.4.RELEASE.jar:/home/neqmeister/.m2/repository/org/springframework/spring-beans/5.0.4.RELEASE/spring-beans-5.0.4.RELEASE.jar:/home/neqmeister/.m2/repository/org/springframework/spring-webmvc/5.0.4.RELEASE/spring-webmvc-5.0.4.RELEASE.jar:/home/neqmeister/.m2/repository/org/springframework/spring-context/5.0.4.RELEASE/spring-context-5.0.4.RELEASE.jar:/home/neqmeister/.m2/repository/org/springframework/spring-expression/5.0.4.RELEASE/spring-expression-5.0.4.RELEASE.jar:/home/neqmeister/.m2/repository/org/springframework/boot/spring-boot-starter-test/2.0.0.RELEASE/spring-boot-starter-test-2.0.0.RELEASE.jar:/home/neqmeister/.m2/repository/org/springframework/boot/spring-boot-test/2.0.0.RELEASE/spring-boot-test-2.0.0.RELEASE.jar:/home/neqmeister/.m2/repository/org/springframework/boot/spring-boot-test-autoconfigure/2.0.0.RELEASE/spring-boot-test-autoconfigure-2.0.0.RELEASE.jar:/home/neqmeister/.m2/repository/com/jayway/jsonpath/json-path/2.4.0/json-path-2.4.0.jar:/home/neqmeister/.m2/repository/net/minidev/json-smart/2.3/json-smart-2.3.jar:/home/neqmeister/.m2/repository/net/minidev/accessors-smart/1.2/accessors-smart-1.2.jar:/home/neqmeister/.m2/repository/org/ow2/asm/asm/5.0.4/asm-5.0.4.jar:/home/neqmeister/.m2/repository/junit/junit/4.12/junit-4.12.jar:/home/neqmeister/.m2/repository/org/assertj/assertj-core/3.9.1/assertj-core-3.9.1.jar:/home/neqmeister/.m2/repository/org/mockito/mockito-core/2.15.0/mockito-core-2.15.0.jar:/home/neqmeister/.m2/repository/net/bytebuddy/byte-buddy/1.7.10/byte-buddy-1.7.10.jar:/home/neqmeister/.m2/repository/net/bytebuddy/byte-buddy-agent/1.7.10/byte-buddy-agent-1.7.10.jar:/home/neqmeister/.m2/repository/org/objenesis/objenesis/2.6/objenesis-2.6.jar:/home/neqmeister/.m2/repository/org/hamcrest/hamcrest-core/1.3/hamcrest-core-1.3.jar:/home/neqmeister/.m2/repository/org/hamcrest/hamcrest-library/1.3/hamcrest-library-1.3.jar:/home/neqmeister/.m2/repository/org/skyscreamer/jsonassert/1.5.0/jsonassert-1.5.0.jar:/home/neqmeister/.m2/repository/com/vaadin/external/google/android-json/0.0.20131108.vaadin1/android-json-0.0.20131108.vaadin1.jar:/home/neqmeister/.m2/repository/org/springframework/spring-core/5.0.4.RELEASE/spring-core-5.0.4.RELEASE.jar:/home/neqmeister/.m2/repository/org/springframework/spring-jcl/5.0.4.RELEASE/spring-jcl-5.0.4.RELEASE.jar:/home/neqmeister/.m2/repository/org/springframework/spring-test/5.0.4.RELEASE/spring-test-5.0.4.RELEASE.jar:/home/neqmeister/.m2/repository/org/xmlunit/xmlunit-core/2.5.1/xmlunit-core-2.5.1.jar:/home/neqmeister/.m2/repository/org/webjars/bootstrap/3.2.0/bootstrap-3.2.0.jar:/home/neqmeister/.m2/repository/org/webjars/jquery/1.11.1/jquery-1.11.1.jar:/home/neqmeister/.m2/repository/org/springframework/boot/spring-boot-starter-security/2.0.0.RELEASE/spring-boot-starter-security-2.0.0.RELEASE.jar:/home/neqmeister/.m2/repository/org/springframework/spring-aop/5.0.4.RELEASE/spring-aop-5.0.4.RELEASE.jar:/home/neqmeister/.m2/repository/org/springframework/security/spring-security-config/5.0.3.RELEASE/spring-security-config-5.0.3.RELEASE.jar:/home/neqmeister/.m2/repository/org/springframework/security/spring-security-core/5.0.3.RELEASE/spring-security-core-5.0.3.RELEASE.jar:/home/neqmeister/.m2/repository/org/springframework/security/spring-security-web/5.0.3.RELEASE/spring-security-web-5.0.3.RELEASE.jar:"/>
    <property name="java.vm.vendor" value="Oracle Corporation"/>
    <property name="sun.arch.data.model" value="64"/>
    <property name="java.vendor.url" value="http://java.oracle.com/"/>
    <property name="user.timezone" value=""/>
    <property name="java.vm.specification.version" value="9"/>
    <property name="os.name" value="Linux"/>
    <property name="sun.java.launcher" value="SUN_STANDARD"/>
    <property name="user.country" value="US"/>
    <property name="sun.boot.library.path" value="/usr/lib/jvm/java-9-oracle/lib"/>
    <property name="sun.java.command" value="/home/neqmeister/BitBucket/web-my-profile/target/surefire/surefirebooter17376320752954807876.jar /home/neqmeister/BitBucket/web-my-profile/target/surefire 2018-04-05T18-52-25_279-jvmRun1 surefire1878209737594901668tmp surefire_06235470299793076757tmp"/>
    <property name="jdk.debug" value="release"/>
    <property name="surefire.test.class.path" value="/home/neqmeister/BitBucket/web-my-profile/target/test-classes:/home/neqmeister/BitBucket/web-my-profile/target/classes:/home/neqmeister/.m2/repository/org/springframework/boot/spring-boot-starter-thymeleaf/2.0.0.RELEASE/spring-boot-starter-thymeleaf-2.0.0.RELEASE.jar:/home/neqmeister/.m2/repository/org/springframework/boot/spring-boot-starter/2.0.0.RELEASE/spring-boot-starter-2.0.0.RELEASE.jar:/home/neqmeister/.m2/repository/org/springframework/boot/spring-boot/2.0.0.RELEASE/spring-boot-2.0.0.RELEASE.jar:/home/neqmeister/.m2/repository/org/springframework/boot/spring-boot-autoconfigure/2.0.0.RELEASE/spring-boot-autoconfigure-2.0.0.RELEASE.jar:/home/neqmeister/.m2/repository/org/springframework/boot/spring-boot-starter-logging/2.0.0.RELEASE/spring-boot-starter-logging-2.0.0.RELEASE.jar:/home/neqmeister/.m2/repository/ch/qos/logback/logback-classic/1.2.3/logback-classic-1.2.3.jar:/home/neqmeister/.m2/repository/ch/qos/logback/logback-core/1.2.3/logback-core-1.2.3.jar:/home/neqmeister/.m2/repository/org/apache/logging/log4j/log4j-to-slf4j/2.10.0/log4j-to-slf4j-2.10.0.jar:/home/neqmeister/.m2/repository/org/apache/logging/log4j/log4j-api/2.10.0/log4j-api-2.10.0.jar:/home/neqmeister/.m2/repository/org/slf4j/jul-to-slf4j/1.7.25/jul-to-slf4j-1.7.25.jar:/home/neqmeister/.m2/repository/javax/annotation/javax.annotation-api/1.3.2/javax.annotation-api-1.3.2.jar:/home/neqmeister/.m2/repository/org/yaml/snakeyaml/1.19/snakeyaml-1.19.jar:/home/neqmeister/.m2/repository/org/thymeleaf/thymeleaf-spring5/3.0.9.RELEASE/thymeleaf-spring5-3.0.9.RELEASE.jar:/home/neqmeister/.m2/repository/org/thymeleaf/thymeleaf/3.0.9.RELEASE/thymeleaf-3.0.9.RELEASE.jar:/home/neqmeister/.m2/repository/org/attoparser/attoparser/2.0.4.RELEASE/attoparser-2.0.4.RELEASE.jar:/home/neqmeister/.m2/repository/org/unbescape/unbescape/1.1.5.RELEASE/unbescape-1.1.5.RELEASE.jar:/home/neqmeister/.m2/repository/org/slf4j/slf4j-api/1.7.25/slf4j-api-1.7.25.jar:/home/neqmeister/.m2/repository/org/thymeleaf/extras/thymeleaf-extras-java8time/3.0.1.RELEASE/thymeleaf-extras-java8time-3.0.1.RELEASE.jar:/home/neqmeister/.m2/repository/org/springframework/boot/spring-boot-starter-web/2.0.0.RELEASE/spring-boot-starter-web-2.0.0.RELEASE.jar:/home/neqmeister/.m2/repository/org/springframework/boot/spring-boot-starter-json/2.0.0.RELEASE/spring-boot-starter-json-2.0.0.RELEASE.jar:/home/neqmeister/.m2/repository/com/fasterxml/jackson/core/jackson-databind/2.9.4/jackson-databind-2.9.4.jar:/home/neqmeister/.m2/repository/com/fasterxml/jackson/core/jackson-annotations/2.9.0/jackson-annotations-2.9.0.jar:/home/neqmeister/.m2/repository/com/fasterxml/jackson/core/jackson-core/2.9.4/jackson-core-2.9.4.jar:/home/neqmeister/.m2/repository/com/fasterxml/jackson/datatype/jackson-datatype-jdk8/2.9.4/jackson-datatype-jdk8-2.9.4.jar:/home/neqmeister/.m2/repository/com/fasterxml/jackson/datatype/jackson-datatype-jsr310/2.9.4/jackson-datatype-jsr310-2.9.4.jar:/home/neqmeister/.m2/repository/com/fasterxml/jackson/module/jackson-module-parameter-names/2.9.4/jackson-module-parameter-names-2.9.4.jar:/home/neqmeister/.m2/repository/org/springframework/boot/spring-boot-starter-tomcat/2.0.0.RELEASE/spring-boot-starter-tomcat-2.0.0.RELEASE.jar:/home/neqmeister/.m2/repository/org/apache/tomcat/embed/tomcat-embed-core/8.5.28/tomcat-embed-core-8.5.28.jar:/home/neqmeister/.m2/repository/org/apache/tomcat/embed/tomcat-embed-el/8.5.28/tomcat-embed-el-8.5.28.jar:/home/neqmeister/.m2/repository/org/apache/tomcat/embed/tomcat-embed-websocket/8.5.28/tomcat-embed-websocket-8.5.28.jar:/home/neqmeister/.m2/repository/org/hibernate/validator/hibernate-validator/6.0.7.Final/hibernate-validator-6.0.7.Final.jar:/home/neqmeister/.m2/repository/javax/validation/validation-api/2.0.1.Final/validation-api-2.0.1.Final.jar:/home/neqmeister/.m2/repository/org/jboss/logging/jboss-logging/3.3.2.Final/jboss-logging-3.3.2.Final.jar:/home/neqmeister/.m2/repository/com/fasterxml/classmate/1.3.4/classmate-1.3.4.jar:/home/neqmeister/.m2/repository/org/springframework/spring-web/5.0.4.RELEASE/spring-web-5.0.4.RELEASE.jar:/home/neqmeister/.m2/repository/org/springframework/spring-beans/5.0.4.RELEASE/spring-beans-5.0.4.RELEASE.jar:/home/neqmeister/.m2/repository/org/springframework/spring-webmvc/5.0.4.RELEASE/spring-webmvc-5.0.4.RELEASE.jar:/home/neqmeister/.m2/repository/org/springframework/spring-context/5.0.4.RELEASE/spring-context-5.0.4.RELEASE.jar:/home/neqmeister/.m2/repository/org/springframework/spring-expression/5.0.4.RELEASE/spring-expression-5.0.4.RELEASE.jar:/home/neqmeister/.m2/repository/org/springframework/boot/spring-boot-starter-test/2.0.0.RELEASE/spring-boot-starter-test-2.0.0.RELEASE.jar:/home/neqmeister/.m2/repository/org/springframework/boot/spring-boot-test/2.0.0.RELEASE/spring-boot-test-2.0.0.RELEASE.jar:/home/neqmeister/.m2/repository/org/springframework/boot/spring-boot-test-autoconfigure/2.0.0.RELEASE/spring-boot-test-autoconfigure-2.0.0.RELEASE.jar:/home/neqmeister/.m2/repository/com/jayway/jsonpath/json-path/2.4.0/json-path-2.4.0.jar:/home/neqmeister/.m2/repository/net/minidev/json-smart/2.3/json-smart-2.3.jar:/home/neqmeister/.m2/repository/net/minidev/accessors-smart/1.2/accessors-smart-1.2.jar:/home/neqmeister/.m2/repository/org/ow2/asm/asm/5.0.4/asm-5.0.4.jar:/home/neqmeister/.m2/repository/junit/junit/4.12/junit-4.12.jar:/home/neqmeister/.m2/repository/org/assertj/assertj-core/3.9.1/assertj-core-3.9.1.jar:/home/neqmeister/.m2/repository/org/mockito/mockito-core/2.15.0/mockito-core-2.15.0.jar:/home/neqmeister/.m2/repository/net/bytebuddy/byte-buddy/1.7.10/byte-buddy-1.7.10.jar:/home/neqmeister/.m2/repository/net/bytebuddy/byte-buddy-agent/1.7.10/byte-buddy-agent-1.7.10.jar:/home/neqmeister/.m2/repository/org/objenesis/objenesis/2.6/objenesis-2.6.jar:/home/neqmeister/.m2/repository/org/hamcrest/hamcrest-core/1.3/hamcrest-core-1.3.jar:/home/neqmeister/.m2/repository/org/hamcrest/hamcrest-library/1.3/hamcrest-library-1.3.jar:/home/neqmeister/.m2/repository/org/skyscreamer/jsonassert/1.5.0/jsonassert-1.5.0.jar:/home/neqmeister/.m2/repository/com/vaadin/external/google/android-json/0.0.20131108.vaadin1/android-json-0.0.20131108.vaadin1.jar:/home/neqmeister/.m2/repository/org/springframework/spring-core/5.0.4.RELEASE/spring-core-5.0.4.RELEASE.jar:/home/neqmeister/.m2/repository/org/springframework/spring-jcl/5.0.4.RELEASE/spring-jcl-5.0.4.RELEASE.jar:/home/neqmeister/.m2/repository/org/springframework/spring-test/5.0.4.RELEASE/spring-test-5.0.4.RELEASE.jar:/home/neqmeister/.m2/repository/org/xmlunit/xmlunit-core/2.5.1/xmlunit-core-2.5.1.jar:/home/neqmeister/.m2/repository/org/webjars/bootstrap/3.2.0/bootstrap-3.2.0.jar:/home/neqmeister/.m2/repository/org/webjars/jquery/1.11.1/jquery-1.11.1.jar:/home/neqmeister/.m2/repository/org/springframework/boot/spring-boot-starter-security/2.0.0.RELEASE/spring-boot-starter-security-2.0.0.RELEASE.jar:/home/neqmeister/.m2/repository/org/springframework/spring-aop/5.0.4.RELEASE/spring-aop-5.0.4.RELEASE.jar:/home/neqmeister/.m2/repository/org/springframework/security/spring-security-config/5.0.3.RELEASE/spring-security-config-5.0.3.RELEASE.jar:/home/neqmeister/.m2/repository/org/springframework/security/spring-security-core/5.0.3.RELEASE/spring-security-core-5.0.3.RELEASE.jar:/home/neqmeister/.m2/repository/org/springframework/security/spring-security-web/5.0.3.RELEASE/spring-security-web-5.0.3.RELEASE.jar:"/>
    <property name="sun.cpu.endian" value="little"/>
    <property name="user.home" value="/home/neqmeister"/>
    <property name="user.language" value="en"/>
    <property name="java.specification.vendor" value="Oracle Corporation"/>
    <property name="java.home" value="/usr/lib/jvm/java-9-oracle"/>
    <property name="file.separator" value="/"/>
    <property name="basedir" value="/home/neqmeister/BitBucket/web-my-profile"/>
    <property name="java.vm.compressedOopsMode" value="32-bit"/>
    <property name="line.separator" value="&#10;"/>
    <property name="java.vm.specification.vendor" value="Oracle Corporation"/>
    <property name="java.specification.name" value="Java Platform API Specification"/>
    <property name="java.awt.graphicsenv" value="sun.awt.X11GraphicsEnvironment"/>
    <property name="surefire.real.class.path" value="/home/neqmeister/BitBucket/web-my-profile/target/surefire/surefirebooter17376320752954807876.jar"/>
    <property name="sun.management.compiler" value="HotSpot 64-Bit Tiered Compilers"/>
    <property name="java.runtime.version" value="9.0.4+11"/>
    <property name="user.name" value="neqmeister"/>
    <property name="path.separator" value=":"/>
    <property name="os.version" value="4.10.0-40-generic"/>
    <property name="java.runtime.name" value="Java(TM) SE Runtime Environment"/>
    <property name="file.encoding" value="UTF-8"/>
    <property name="java.vm.name" value="Java HotSpot(TM) 64-Bit Server VM"/>
    <property name="localRepository" value="/home/neqmeister/.m2/repository"/>
    <property name="java.vendor.url.bug" value="http://bugreport.java.com/bugreport/"/>
    <property name="java.io.tmpdir" value="/tmp"/>
    <property name="idea.version" value="2017.3.5"/>
    <property name="java.version" value="9.0.4"/>
    <property name="user.dir" value="/home/neqmeister/BitBucket/web-my-profile"/>
    <property name="os.arch" value="amd64"/>
    <property name="java.vm.specification.name" value="Java Virtual Machine Specification"/>
    <property name="java.awt.printerjob" value="sun.print.PSPrinterJob"/>
    <property name="sun.os.patch.level" value="unknown"/>
    <property name="java.library.path" value="/usr/java/packages/lib:/usr/lib64:/lib64:/lib:/usr/lib"/>
    <property name="java.vm.info" value="mixed mode"/>
    <property name="java.vendor" value="Oracle Corporation"/>
    <property name="java.vm.version" value="9.0.4+11"/>
    <property name="sun.io.unicode.encoding" value="UnicodeLittle"/>
    <property name="java.class.version" value="53.0"/>
  </properties>
  <testcase name="contextLoads" classname="com.pawelec.webmyprofile.WebMyProfileApplicationTests" time="0.06"/>
</testsuite>